<?xml version="1.0" encoding="UTF-8"?>
<!-- Generated by org.testng.reporters.JUnitXMLReporter -->
<testsuite ignored="4" hostname="DESKTOP-41EGIF3" failures="0" tests="3" name="microsoftEdge" time="0.387" errors="0" timestamp="2023-05-30T11:33:16 IST">
  <testcase classname="com.banking.user_StaffModule.testscriptsUsingAssertion.OpenAccountTest" name="openAccount" time="0.0">
    <skipped/>
  </testcase> <!-- openAccount -->
  <testcase classname="com.banking.user_StaffModule.testscriptsUsingAssertion.FundTransferTest" name="fundTransfer" time="0.0">
    <skipped/>
  </testcase> <!-- fundTransfer -->
  <testcase classname="com.banking.user_StaffModule.testscriptUsingBC.CreditCustomerTest" name="creditCustomer" time="0.0">
    <skipped/>
  </testcase> <!-- creditCustomer -->
  <testcase classname="com.OnlineBanking.Steller.Utilities.BaseClass" name="@AfterSuite confid_AS" time="0.0">
    <ignored/>
  </testcase> <!-- @AfterSuite confid_AS -->
  <testcase classname="com.OnlineBanking.Steller.Utilities.BaseClass" name="@BeforeSuite confid_BS" time="0.0">
    <ignored/>
  </testcase> <!-- @BeforeSuite confid_BS -->
  <testcase classname="com.OnlineBanking.Steller.Utilities.BaseClass" name="@BeforeSuite confid_BS" time="0.0">
    <ignored/>
  </testcase> <!-- @BeforeSuite confid_BS -->
  <testcase classname="com.OnlineBanking.Steller.Utilities.BaseClass" name="@AfterSuite confid_AS" time="0.0">
    <ignored/>
  </testcase> <!-- @AfterSuite confid_AS -->
</testsuite> <!-- microsoftEdge -->
