<?xml version="1.0" encoding="UTF-8"?>
<!-- Generated by org.testng.reporters.JUnitXMLReporter -->
<testsuite ignored="4" hostname="DESKTOP-41EGIF3" failures="0" tests="2" name="Test" time="13.796" errors="0" timestamp="2023-05-30T12:32:46 IST">
  <testcase classname="com.banking.user_StaffModule.testscriptsUsingAssertion.CreditCustomerTest" name="creditCustomer" time="4.617"/>
  <testcase classname="com.banking.user_StaffModule.testscriptUsingBC.OpenAccountTest" name="openAccount" time="6.526"/>
  <testcase classname="com.banking.user_StaffModule.testscriptUsingBC.OpenAccountTest" name="viewActiveAccount" time="0.0">
    <ignored/>
  </testcase> <!-- viewActiveAccount -->
  <testcase classname="com.OnlineBanking.Steller.Utilities.BaseClass" name="@BeforeSuite confid_BS" time="0.0">
    <ignored/>
  </testcase> <!-- @BeforeSuite confid_BS -->
  <testcase classname="com.OnlineBanking.Steller.Utilities.BaseClass" name="@AfterSuite confid_AS" time="0.0">
    <ignored/>
  </testcase> <!-- @AfterSuite confid_AS -->
  <testcase classname="com.banking.user_StaffModule.testscriptUsingBC.OpenAccountTest" name="approveAccount" time="0.0">
    <ignored/>
  </testcase> <!-- approveAccount -->
</testsuite> <!-- Test -->
